<?xml version="1.0" encoding="UTF-8"?>
<!-- Generated by org.testng.reporters.JUnitXMLReporter -->
<testsuite hostname="alok-lt" name="TestIOS" tests="1" failures="1" timestamp="1 Nov 2017 14:30:09 GMT" time="74.413" errors="0">
  <testcase name="webLoginApplicationTest" time="43.772" classname="com.experitest.auto.IOSDemoTest">
    <failure type="org.openqa.selenium.TimeoutException" message="Timed out after 10 seconds waiting for presence of element located by: By.xpath: //*[@nodeName=&amp;apos;BUTTON&amp;apos; and @css=&amp;apos;BUTTON.navbar-toggle&amp;apos;]
Build info: version: &amp;apos;2.53.1&amp;apos;, revision: &amp;apos;a36b8b1cd5757287168e54b817830adce9b0158d&amp;apos;, time: &amp;apos;2016-06-30 19:26:09&amp;apos;
System info: host: &amp;apos;alok-lt&amp;apos;, ip: &amp;apos;172.30.30.2&amp;apos;, os.name: &amp;apos;Windows 10&amp;apos;, os.arch: &amp;apos;amd64&amp;apos;, os.version: &amp;apos;10.0&amp;apos;, java.version: &amp;apos;1.8.0_131&amp;apos;
Driver info: io.appium.java_client.ios.IOSDriver
Capabilities [{device.majorVersion=11.x, dontGoHomeOnQuit=false, device.os=iOS, noReset=false, dontStopAppOnReset=false, project=Default, reservationDuration=240, reportFormat=xml, fullReset=false, platform=ANY, desired={deviceQuery=@os=&amp;apos;ios&amp;apos;, reportDirectory=reports, project=Default, reportFormat=xml, platformName=iOS, testName=IOSDemoTest}, device.serialNumber=2ef16f1e7b475b9e6aa09392efb67735b1b57b08, device.version=11.0.2, deviceQuery=@os=&amp;apos;ios&amp;apos;, automationName=XCUITest, reportDirectory=reports, autoWebview=false, platformName=iOS, testName=IOSDemoTest, device.screenSize=750x1334, useKeystore=false, cloudViewLink=https://cloud-dhm2.experitest.com:443/#/pMmByofCHOdZIWYC?1
Picked up Grid Node (seetest_7777)
Reserved Device : iPhone 8 B0137, device.manufacture=Apple, instrumentApp=false, device.category=PHONE, autoDismissAlerts=false, reportUrl=https://cloudreports.experitest.com/#/test/410, keystorePath=~/.android/debug.keystore, waitForDeviceTimeout=120000, device.model=iPhone 8, device.name=iPhone 8 B0137, projectName=, gridNodePort=7777, autoAcceptAlerts=false}]
Session ID: CLOUD-SID:2017-11-01_16-29-06-c5f65469-05d0-46ba-bb53-018782637a57">
      <![CDATA[org.openqa.selenium.TimeoutException: Timed out after 10 seconds waiting for presence of element located by: By.xpath: //*[@nodeName='BUTTON' and @css='BUTTON.navbar-toggle']
Build info: version: '2.53.1', revision: 'a36b8b1cd5757287168e54b817830adce9b0158d', time: '2016-06-30 19:26:09'
System info: host: 'alok-lt', ip: '172.30.30.2', os.name: 'Windows 10', os.arch: 'amd64', os.version: '10.0', java.version: '1.8.0_131'
Driver info: io.appium.java_client.ios.IOSDriver
Capabilities [{device.majorVersion=11.x, dontGoHomeOnQuit=false, device.os=iOS, noReset=false, dontStopAppOnReset=false, project=Default, reservationDuration=240, reportFormat=xml, fullReset=false, platform=ANY, desired={deviceQuery=@os='ios', reportDirectory=reports, project=Default, reportFormat=xml, platformName=iOS, testName=IOSDemoTest}, device.serialNumber=2ef16f1e7b475b9e6aa09392efb67735b1b57b08, device.version=11.0.2, deviceQuery=@os='ios', automationName=XCUITest, reportDirectory=reports, autoWebview=false, platformName=iOS, testName=IOSDemoTest, device.screenSize=750x1334, useKeystore=false, cloudViewLink=https://cloud-dhm2.experitest.com:443/#/pMmByofCHOdZIWYC?1
Picked up Grid Node (seetest_7777)
Reserved Device : iPhone 8 B0137, device.manufacture=Apple, instrumentApp=false, device.category=PHONE, autoDismissAlerts=false, reportUrl=https://cloudreports.experitest.com/#/test/410, keystorePath=~/.android/debug.keystore, waitForDeviceTimeout=120000, device.model=iPhone 8, device.name=iPhone 8 B0137, projectName=, gridNodePort=7777, autoAcceptAlerts=false}]
Session ID: CLOUD-SID:2017-11-01_16-29-06-c5f65469-05d0-46ba-bb53-018782637a57
	at org.openqa.selenium.support.ui.WebDriverWait.timeoutException(WebDriverWait.java:80)
	at org.openqa.selenium.support.ui.FluentWait.until(FluentWait.java:261)
	at com.experitest.auto.IOSDemoTest.webLoginApplicationTest(IOSDemoTest.java:38)
	at java.util.concurrent.ThreadPoolExecutor.runWorker(ThreadPoolExecutor.java:1142)
	at java.util.concurrent.ThreadPoolExecutor$Worker.run(ThreadPoolExecutor.java:617)
	at java.lang.Thread.run(Thread.java:748)
Caused by: org.openqa.selenium.NoSuchElementException: no such element (An element could not be located on the page using the given search parameters (XPATH='//*[@nodeName='BUTTON' and @css='BUTTON.navbar-toggle']'))  (WARNING: The server did not provide any stacktrace information)
Command duration or timeout: 18.93 seconds
For documentation on this error, please visit: http://seleniumhq.org/exceptions/no_such_element.html
Build info: version: '2.53.1', revision: 'a36b8b1cd5757287168e54b817830adce9b0158d', time: '2016-06-30 19:26:09'
System info: host: 'alok-lt', ip: '172.30.30.2', os.name: 'Windows 10', os.arch: 'amd64', os.version: '10.0', java.version: '1.8.0_131'
Driver info: io.appium.java_client.ios.IOSDriver
Capabilities [{device.majorVersion=11.x, dontGoHomeOnQuit=false, device.os=iOS, noReset=false, dontStopAppOnReset=false, project=Default, reservationDuration=240, reportFormat=xml, fullReset=false, platform=ANY, desired={deviceQuery=@os='ios', reportDirectory=reports, project=Default, reportFormat=xml, platformName=iOS, testName=IOSDemoTest}, device.serialNumber=2ef16f1e7b475b9e6aa09392efb67735b1b57b08, device.version=11.0.2, deviceQuery=@os='ios', automationName=XCUITest, reportDirectory=reports, autoWebview=false, platformName=iOS, testName=IOSDemoTest, device.screenSize=750x1334, useKeystore=false, cloudViewLink=https://cloud-dhm2.experitest.com:443/#/pMmByofCHOdZIWYC?1
Picked up Grid Node (seetest_7777)
Reserved Device : iPhone 8 B0137, device.manufacture=Apple, instrumentApp=false, device.category=PHONE, autoDismissAlerts=false, reportUrl=https://cloudreports.experitest.com/#/test/410, keystorePath=~/.android/debug.keystore, waitForDeviceTimeout=120000, device.model=iPhone 8, device.name=iPhone 8 B0137, projectName=, gridNodePort=7777, autoAcceptAlerts=false}]
Session ID: CLOUD-SID:2017-11-01_16-29-06-c5f65469-05d0-46ba-bb53-018782637a57
*** Element info: {Using=xpath, value=//*[@nodeName='BUTTON' and @css='BUTTON.navbar-toggle']}
	at org.openqa.selenium.remote.ErrorHandler.createThrowable(ErrorHandler.java:206)
	at org.openqa.selenium.remote.ErrorHandler.throwIfResponseFailed(ErrorHandler.java:158)
	at org.openqa.selenium.remote.RemoteWebDriver.execute(RemoteWebDriver.java:678)
	at io.appium.java_client.DefaultGenericMobileDriver.execute(DefaultGenericMobileDriver.java:40)
	at io.appium.java_client.AppiumDriver.execute(AppiumDriver.java:1)
	at io.appium.java_client.ios.IOSDriver.execute(IOSDriver.java:1)
	at org.openqa.selenium.remote.RemoteWebDriver.findElement(RemoteWebDriver.java:363)
	at io.appium.java_client.DefaultGenericMobileDriver.findElement(DefaultGenericMobileDriver.java:56)
	at io.appium.java_client.AppiumDriver.findElement(AppiumDriver.java:1)
	at io.appium.java_client.ios.IOSDriver.findElement(IOSDriver.java:1)
	at org.openqa.selenium.remote.RemoteWebDriver.findElementByXPath(RemoteWebDriver.java:500)
	at io.appium.java_client.DefaultGenericMobileDriver.findElementByXPath(DefaultGenericMobileDriver.java:134)
	at io.appium.java_client.AppiumDriver.findElementByXPath(AppiumDriver.java:1)
	at io.appium.java_client.ios.IOSDriver.findElementByXPath(IOSDriver.java:1)
	at org.openqa.selenium.By$ByXPath.findElement(By.java:361)
	at org.openqa.selenium.remote.RemoteWebDriver.findElement(RemoteWebDriver.java:355)
	at io.appium.java_client.DefaultGenericMobileDriver.findElement(DefaultGenericMobileDriver.java:52)
	at io.appium.java_client.AppiumDriver.findElement(AppiumDriver.java:1)
	at io.appium.java_client.ios.IOSDriver.findElement(IOSDriver.java:1)
	at org.openqa.selenium.support.ui.ExpectedConditions.findElement(ExpectedConditions.java:899)
	at org.openqa.selenium.support.ui.ExpectedConditions.access$000(ExpectedConditions.java:41)
	at org.openqa.selenium.support.ui.ExpectedConditions$6.apply(ExpectedConditions.java:181)
	at org.openqa.selenium.support.ui.ExpectedConditions$6.apply(ExpectedConditions.java:178)
	at org.openqa.selenium.support.ui.FluentWait.until(FluentWait.java:238)
	... 14 more
... Removed 14 stack frames]]>
    </failure>
  </testcase> <!-- webLoginApplicationTest -->
</testsuite> <!-- TestIOS -->
