<?xml version="1.0" encoding="UTF-8"?>
<testng-results skipped="0" failed="5" total="5" passed="0">
  <reporter-output>
  </reporter-output>
  <suite name="Suite" duration-ms="167535" started-at="2017-11-06T16:24:34Z" finished-at="2017-11-06T16:27:22Z">
    <groups>
    </groups>
    <test name="TestAndroid" duration-ms="167535" started-at="2017-11-06T16:24:34Z" finished-at="2017-11-06T16:27:22Z">
      <class name="com.experitest.auto.AndroidDemoTest">
        <test-method status="PASS" signature="setUp(java.lang.String)[pri:0, instance:com.experitest.auto.AndroidDemoTest@4dfa3a9d]" name="setUp" is-config="true" duration-ms="66057" started-at="2017-11-06T21:54:34Z" finished-at="2017-11-06T21:55:40Z">
          <params>
            <param index="0">
              <value>
                <![CDATA[@os='android']]>
              </value>
            </param>
          </params>
          <reporter-output>
          </reporter-output>
        </test-method> <!-- setUp -->
        <test-method status="PASS" signature="setUp(java.lang.String)[pri:0, instance:com.experitest.auto.AndroidDemoTest@4dfa3a9d]" name="setUp" is-config="true" duration-ms="55604" started-at="2017-11-06T21:54:34Z" finished-at="2017-11-06T21:55:30Z">
          <params>
            <param index="0">
              <value>
                <![CDATA[@os='android']]>
              </value>
            </param>
          </params>
          <reporter-output>
          </reporter-output>
        </test-method> <!-- setUp -->
        <test-method status="PASS" signature="setUp(java.lang.String)[pri:0, instance:com.experitest.auto.AndroidDemoTest@4dfa3a9d]" name="setUp" is-config="true" duration-ms="59739" started-at="2017-11-06T21:54:34Z" finished-at="2017-11-06T21:55:34Z">
          <params>
            <param index="0">
              <value>
                <![CDATA[@os='android']]>
              </value>
            </param>
          </params>
          <reporter-output>
          </reporter-output>
        </test-method> <!-- setUp -->
        <test-method status="PASS" signature="setUp(java.lang.String)[pri:0, instance:com.experitest.auto.AndroidDemoTest@4dfa3a9d]" name="setUp" is-config="true" duration-ms="66958" started-at="2017-11-06T21:54:34Z" finished-at="2017-11-06T21:55:41Z">
          <params>
            <param index="0">
              <value>
                <![CDATA[@os='android']]>
              </value>
            </param>
          </params>
          <reporter-output>
          </reporter-output>
        </test-method> <!-- setUp -->
        <test-method status="PASS" signature="setUp(java.lang.String)[pri:0, instance:com.experitest.auto.AndroidDemoTest@4dfa3a9d]" name="setUp" is-config="true" duration-ms="52087" started-at="2017-11-06T21:54:34Z" finished-at="2017-11-06T21:55:26Z">
          <params>
            <param index="0">
              <value>
                <![CDATA[@os='android']]>
              </value>
            </param>
          </params>
          <reporter-output>
          </reporter-output>
        </test-method> <!-- setUp -->
        <test-method status="FAIL" signature="LaunchApplicationTest()[pri:0, instance:com.experitest.auto.AndroidDemoTest@4dfa3a9d]" name="LaunchApplicationTest" duration-ms="115420" started-at="2017-11-06T21:55:26Z" finished-at="2017-11-06T21:57:22Z">
          <exception class="org.openqa.selenium.TimeoutException">
            <message>
              <![CDATA[Timed out after 100 seconds waiting for presence of element located by: By.xpath: //*[@id='passwordTextField']
Build info: version: '2.53.1', revision: 'a36b8b1cd5757287168e54b817830adce9b0158d', time: '2016-06-30 19:26:09'
System info: host: 'alok-lt', ip: '192.168.244.2', os.name: 'Windows 10', os.arch: 'amd64', os.version: '10.0', java.version: '1.8.0_131'
Driver info: io.appium.java_client.android.AndroidDriver
Capabilities [{appPackage=com.experitest.ExperiBank, device.majorVersion=7.x, dontGoHomeOnQuit=false, device.os=Android, noReset=false, dontStopAppOnReset=false, project=Default, reservationDuration=240, reportFormat=xml, fullReset=false, platform=ANY, desired={app=cloud:com.experitest.ExperiBank/.LoginActivity, appPackage=com.experitest.ExperiBank, appActivity=.LoginActivity, orientation=PORTRAIT, deviceQuery=@os='android', reportDirectory=reports, project=Default, reportFormat=xml, platformName=Android, testName=AndroidDemoTest}, device.serialNumber=98866742375a394e33, device.version=7.0, deviceQuery=@os='android', reportDirectory=reports, autoWebview=false, platformName=Android, testName=AndroidDemoTest, device.screenSize=1080x1920, useKeystore=false, app=cloud:com.experitest.ExperiBank/.LoginActivity, orientation=PORTRAIT, cloudViewLink=https://cloud-dhm1.experitest.com:443/#/itIH4FHLLhD6tm9v?1
Picked up Grid Node (seetest_7777)
Reserved Device : samsung Galaxy S7, device.manufacture=samsung, instrumentApp=false, device.category=PHONE, autoDismissAlerts=false, reportUrl=https://cloudreports.experitest.com/#/test/567, keystorePath=~/.android/debug.keystore, appActivity=.LoginActivity, waitForDeviceTimeout=120000, device.model=SM-G930F, device.name=samsung Galaxy S7, projectName=, gridNodePort=7777, autoAcceptAlerts=false}]
Session ID: CLOUD-SID:2017-11-06_18-24-36-524ef119-36a5-4354-9219-f3183cb173ad]]>
            </message>
            <full-stacktrace>
              <![CDATA[org.openqa.selenium.TimeoutException: Timed out after 100 seconds waiting for presence of element located by: By.xpath: //*[@id='passwordTextField']
Build info: version: '2.53.1', revision: 'a36b8b1cd5757287168e54b817830adce9b0158d', time: '2016-06-30 19:26:09'
System info: host: 'alok-lt', ip: '192.168.244.2', os.name: 'Windows 10', os.arch: 'amd64', os.version: '10.0', java.version: '1.8.0_131'
Driver info: io.appium.java_client.android.AndroidDriver
Capabilities [{appPackage=com.experitest.ExperiBank, device.majorVersion=7.x, dontGoHomeOnQuit=false, device.os=Android, noReset=false, dontStopAppOnReset=false, project=Default, reservationDuration=240, reportFormat=xml, fullReset=false, platform=ANY, desired={app=cloud:com.experitest.ExperiBank/.LoginActivity, appPackage=com.experitest.ExperiBank, appActivity=.LoginActivity, orientation=PORTRAIT, deviceQuery=@os='android', reportDirectory=reports, project=Default, reportFormat=xml, platformName=Android, testName=AndroidDemoTest}, device.serialNumber=98866742375a394e33, device.version=7.0, deviceQuery=@os='android', reportDirectory=reports, autoWebview=false, platformName=Android, testName=AndroidDemoTest, device.screenSize=1080x1920, useKeystore=false, app=cloud:com.experitest.ExperiBank/.LoginActivity, orientation=PORTRAIT, cloudViewLink=https://cloud-dhm1.experitest.com:443/#/itIH4FHLLhD6tm9v?1
Picked up Grid Node (seetest_7777)
Reserved Device : samsung Galaxy S7, device.manufacture=samsung, instrumentApp=false, device.category=PHONE, autoDismissAlerts=false, reportUrl=https://cloudreports.experitest.com/#/test/567, keystorePath=~/.android/debug.keystore, appActivity=.LoginActivity, waitForDeviceTimeout=120000, device.model=SM-G930F, device.name=samsung Galaxy S7, projectName=, gridNodePort=7777, autoAcceptAlerts=false}]
Session ID: CLOUD-SID:2017-11-06_18-24-36-524ef119-36a5-4354-9219-f3183cb173ad
	at org.openqa.selenium.support.ui.WebDriverWait.timeoutException(WebDriverWait.java:80)
	at org.openqa.selenium.support.ui.FluentWait.until(FluentWait.java:261)
	at com.experitest.auto.AndroidDemoTest.LaunchApplicationTest(AndroidDemoTest.java:44)
	at sun.reflect.NativeMethodAccessorImpl.invoke0(Native Method)
	at sun.reflect.NativeMethodAccessorImpl.invoke(NativeMethodAccessorImpl.java:62)
	at sun.reflect.DelegatingMethodAccessorImpl.invoke(DelegatingMethodAccessorImpl.java:43)
	at java.lang.reflect.Method.invoke(Method.java:498)
	at org.testng.internal.MethodInvocationHelper.invokeMethod(MethodInvocationHelper.java:85)
	at org.testng.internal.Invoker.invokeMethod(Invoker.java:639)
	at org.testng.internal.Invoker.invokeTestMethod(Invoker.java:816)
	at org.testng.internal.Invoker.invokeTestMethods(Invoker.java:1124)
	at org.testng.internal.TestMethodWorker.invokeTestMethods(TestMethodWorker.java:125)
	at org.testng.internal.TestMethodWorker.run(TestMethodWorker.java:108)
	at java.util.concurrent.ThreadPoolExecutor.runWorker(ThreadPoolExecutor.java:1142)
	at java.util.concurrent.ThreadPoolExecutor$Worker.run(ThreadPoolExecutor.java:617)
	at java.lang.Thread.run(Thread.java:748)
Caused by: org.openqa.selenium.NoSuchElementException: no such element (An element could not be located on the page using the given search parameters (XPATH='//*[@id='passwordTextField']'))  (WARNING: The server did not provide any stacktrace information)
Command duration or timeout: 2.77 seconds
For documentation on this error, please visit: http://seleniumhq.org/exceptions/no_such_element.html
Build info: version: '2.53.1', revision: 'a36b8b1cd5757287168e54b817830adce9b0158d', time: '2016-06-30 19:26:09'
System info: host: 'alok-lt', ip: '192.168.244.2', os.name: 'Windows 10', os.arch: 'amd64', os.version: '10.0', java.version: '1.8.0_131'
Driver info: io.appium.java_client.android.AndroidDriver
Capabilities [{appPackage=com.experitest.ExperiBank, device.majorVersion=7.x, dontGoHomeOnQuit=false, device.os=Android, noReset=false, dontStopAppOnReset=false, project=Default, reservationDuration=240, reportFormat=xml, fullReset=false, platform=ANY, desired={app=cloud:com.experitest.ExperiBank/.LoginActivity, appPackage=com.experitest.ExperiBank, appActivity=.LoginActivity, orientation=PORTRAIT, deviceQuery=@os='android', reportDirectory=reports, project=Default, reportFormat=xml, platformName=Android, testName=AndroidDemoTest}, device.serialNumber=98866742375a394e33, device.version=7.0, deviceQuery=@os='android', reportDirectory=reports, autoWebview=false, platformName=Android, testName=AndroidDemoTest, device.screenSize=1080x1920, useKeystore=false, app=cloud:com.experitest.ExperiBank/.LoginActivity, orientation=PORTRAIT, cloudViewLink=https://cloud-dhm1.experitest.com:443/#/itIH4FHLLhD6tm9v?1
Picked up Grid Node (seetest_7777)
Reserved Device : samsung Galaxy S7, device.manufacture=samsung, instrumentApp=false, device.category=PHONE, autoDismissAlerts=false, reportUrl=https://cloudreports.experitest.com/#/test/567, keystorePath=~/.android/debug.keystore, appActivity=.LoginActivity, waitForDeviceTimeout=120000, device.model=SM-G930F, device.name=samsung Galaxy S7, projectName=, gridNodePort=7777, autoAcceptAlerts=false}]
Session ID: CLOUD-SID:2017-11-06_18-24-36-524ef119-36a5-4354-9219-f3183cb173ad
*** Element info: {Using=xpath, value=//*[@id='passwordTextField']}
	at sun.reflect.GeneratedConstructorAccessor15.newInstance(Unknown Source)
	at sun.reflect.DelegatingConstructorAccessorImpl.newInstance(DelegatingConstructorAccessorImpl.java:45)
	at java.lang.reflect.Constructor.newInstance(Constructor.java:423)
	at org.openqa.selenium.remote.ErrorHandler.createThrowable(ErrorHandler.java:206)
	at org.openqa.selenium.remote.ErrorHandler.throwIfResponseFailed(ErrorHandler.java:158)
	at org.openqa.selenium.remote.RemoteWebDriver.execute(RemoteWebDriver.java:678)
	at io.appium.java_client.DefaultGenericMobileDriver.execute(DefaultGenericMobileDriver.java:40)
	at io.appium.java_client.AppiumDriver.execute(AppiumDriver.java:1)
	at io.appium.java_client.android.AndroidDriver.execute(AndroidDriver.java:1)
	at org.openqa.selenium.remote.RemoteWebDriver.findElement(RemoteWebDriver.java:363)
	at io.appium.java_client.DefaultGenericMobileDriver.findElement(DefaultGenericMobileDriver.java:56)
	at io.appium.java_client.AppiumDriver.findElement(AppiumDriver.java:1)
	at io.appium.java_client.android.AndroidDriver.findElement(AndroidDriver.java:1)
	at org.openqa.selenium.remote.RemoteWebDriver.findElementByXPath(RemoteWebDriver.java:500)
	at io.appium.java_client.DefaultGenericMobileDriver.findElementByXPath(DefaultGenericMobileDriver.java:134)
	at io.appium.java_client.AppiumDriver.findElementByXPath(AppiumDriver.java:1)
	at io.appium.java_client.android.AndroidDriver.findElementByXPath(AndroidDriver.java:1)
	at org.openqa.selenium.By$ByXPath.findElement(By.java:361)
	at org.openqa.selenium.remote.RemoteWebDriver.findElement(RemoteWebDriver.java:355)
	at io.appium.java_client.DefaultGenericMobileDriver.findElement(DefaultGenericMobileDriver.java:52)
	at io.appium.java_client.AppiumDriver.findElement(AppiumDriver.java:1)
	at io.appium.java_client.android.AndroidDriver.findElement(AndroidDriver.java:1)
	at org.openqa.selenium.support.ui.ExpectedConditions.findElement(ExpectedConditions.java:899)
	at org.openqa.selenium.support.ui.ExpectedConditions.access$000(ExpectedConditions.java:41)
	at org.openqa.selenium.support.ui.ExpectedConditions$6.apply(ExpectedConditions.java:181)
	at org.openqa.selenium.support.ui.ExpectedConditions$6.apply(ExpectedConditions.java:178)
	at org.openqa.selenium.support.ui.FluentWait.until(FluentWait.java:238)
	... 14 more
]]>
            </full-stacktrace>
          </exception> <!-- org.openqa.selenium.TimeoutException -->
          <reporter-output>
          </reporter-output>
        </test-method> <!-- LaunchApplicationTest -->
        <test-method status="FAIL" signature="WebApplicationTest()[pri:0, instance:com.experitest.auto.AndroidDemoTest@4dfa3a9d]" name="WebApplicationTest" duration-ms="23804" started-at="2017-11-06T21:55:30Z" finished-at="2017-11-06T21:55:53Z">
          <exception class="org.openqa.selenium.remote.SessionNotFoundException">
            <message>
              <![CDATA[Session ID is null. Using WebDriver after calling quit()?
Build info: version: '2.53.1', revision: 'a36b8b1cd5757287168e54b817830adce9b0158d', time: '2016-06-30 19:26:09'
System info: host: 'alok-lt', ip: '192.168.244.2', os.name: 'Windows 10', os.arch: 'amd64', os.version: '10.0', java.version: '1.8.0_131'
Driver info: driver.version: AppiumDriver]]>
            </message>
            <full-stacktrace>
              <![CDATA[org.openqa.selenium.remote.SessionNotFoundException: Session ID is null. Using WebDriver after calling quit()?
Build info: version: '2.53.1', revision: 'a36b8b1cd5757287168e54b817830adce9b0158d', time: '2016-06-30 19:26:09'
System info: host: 'alok-lt', ip: '192.168.244.2', os.name: 'Windows 10', os.arch: 'amd64', os.version: '10.0', java.version: '1.8.0_131'
Driver info: driver.version: AppiumDriver
	at org.openqa.selenium.remote.HttpCommandExecutor.execute(HttpCommandExecutor.java:134)
	at io.appium.java_client.remote.AppiumCommandExecutor.execute(AppiumCommandExecutor.java:69)
	at org.openqa.selenium.remote.RemoteWebDriver.execute(RemoteWebDriver.java:644)
	at io.appium.java_client.DefaultGenericMobileDriver.execute(DefaultGenericMobileDriver.java:40)
	at io.appium.java_client.AppiumDriver.execute(AppiumDriver.java:1)
	at io.appium.java_client.android.AndroidDriver.execute(AndroidDriver.java:1)
	at io.appium.java_client.AppiumDriver.context(AppiumDriver.java:557)
	at com.experitest.auto.AndroidDemoTest.WebApplicationTest(AndroidDemoTest.java:100)
	at sun.reflect.NativeMethodAccessorImpl.invoke0(Native Method)
	at sun.reflect.NativeMethodAccessorImpl.invoke(NativeMethodAccessorImpl.java:62)
	at sun.reflect.DelegatingMethodAccessorImpl.invoke(DelegatingMethodAccessorImpl.java:43)
	at java.lang.reflect.Method.invoke(Method.java:498)
	at org.testng.internal.MethodInvocationHelper.invokeMethod(MethodInvocationHelper.java:85)
	at org.testng.internal.Invoker.invokeMethod(Invoker.java:639)
	at org.testng.internal.Invoker.invokeTestMethod(Invoker.java:816)
	at org.testng.internal.Invoker.invokeTestMethods(Invoker.java:1124)
	at org.testng.internal.TestMethodWorker.invokeTestMethods(TestMethodWorker.java:125)
	at org.testng.internal.TestMethodWorker.run(TestMethodWorker.java:108)
	at java.util.concurrent.ThreadPoolExecutor.runWorker(ThreadPoolExecutor.java:1142)
	at java.util.concurrent.ThreadPoolExecutor$Worker.run(ThreadPoolExecutor.java:617)
	at java.lang.Thread.run(Thread.java:748)
]]>
            </full-stacktrace>
          </exception> <!-- org.openqa.selenium.remote.SessionNotFoundException -->
          <reporter-output>
          </reporter-output>
        </test-method> <!-- WebApplicationTest -->
        <test-method status="FAIL" signature="WebApplication2Test()[pri:0, instance:com.experitest.auto.AndroidDemoTest@4dfa3a9d]" name="WebApplication2Test" duration-ms="28546" started-at="2017-11-06T21:55:34Z" finished-at="2017-11-06T21:56:02Z">
          <exception class="org.openqa.selenium.remote.SessionNotFoundException">
            <message>
              <![CDATA[Session ID is null. Using WebDriver after calling quit()?
Build info: version: '2.53.1', revision: 'a36b8b1cd5757287168e54b817830adce9b0158d', time: '2016-06-30 19:26:09'
System info: host: 'alok-lt', ip: '192.168.244.2', os.name: 'Windows 10', os.arch: 'amd64', os.version: '10.0', java.version: '1.8.0_131'
Driver info: driver.version: AppiumDriver]]>
            </message>
            <full-stacktrace>
              <![CDATA[org.openqa.selenium.remote.SessionNotFoundException: Session ID is null. Using WebDriver after calling quit()?
Build info: version: '2.53.1', revision: 'a36b8b1cd5757287168e54b817830adce9b0158d', time: '2016-06-30 19:26:09'
System info: host: 'alok-lt', ip: '192.168.244.2', os.name: 'Windows 10', os.arch: 'amd64', os.version: '10.0', java.version: '1.8.0_131'
Driver info: driver.version: AppiumDriver
	at org.openqa.selenium.remote.HttpCommandExecutor.execute(HttpCommandExecutor.java:134)
	at io.appium.java_client.remote.AppiumCommandExecutor.execute(AppiumCommandExecutor.java:69)
	at org.openqa.selenium.remote.RemoteWebDriver.execute(RemoteWebDriver.java:644)
	at io.appium.java_client.DefaultGenericMobileDriver.execute(DefaultGenericMobileDriver.java:40)
	at io.appium.java_client.AppiumDriver.execute(AppiumDriver.java:1)
	at io.appium.java_client.android.AndroidDriver.execute(AndroidDriver.java:1)
	at io.appium.java_client.AppiumDriver.context(AppiumDriver.java:557)
	at com.experitest.auto.AndroidDemoTest.WebApplication2Test(AndroidDemoTest.java:119)
	at sun.reflect.NativeMethodAccessorImpl.invoke0(Native Method)
	at sun.reflect.NativeMethodAccessorImpl.invoke(NativeMethodAccessorImpl.java:62)
	at sun.reflect.DelegatingMethodAccessorImpl.invoke(DelegatingMethodAccessorImpl.java:43)
	at java.lang.reflect.Method.invoke(Method.java:498)
	at org.testng.internal.MethodInvocationHelper.invokeMethod(MethodInvocationHelper.java:85)
	at org.testng.internal.Invoker.invokeMethod(Invoker.java:639)
	at org.testng.internal.Invoker.invokeTestMethod(Invoker.java:816)
	at org.testng.internal.Invoker.invokeTestMethods(Invoker.java:1124)
	at org.testng.internal.TestMethodWorker.invokeTestMethods(TestMethodWorker.java:125)
	at org.testng.internal.TestMethodWorker.run(TestMethodWorker.java:108)
	at java.util.concurrent.ThreadPoolExecutor.runWorker(ThreadPoolExecutor.java:1142)
	at java.util.concurrent.ThreadPoolExecutor$Worker.run(ThreadPoolExecutor.java:617)
	at java.lang.Thread.run(Thread.java:748)
]]>
            </full-stacktrace>
          </exception> <!-- org.openqa.selenium.remote.SessionNotFoundException -->
          <reporter-output>
          </reporter-output>
        </test-method> <!-- WebApplication2Test -->
        <test-method status="FAIL" signature="LoginApplicationTest()[pri:0, instance:com.experitest.auto.AndroidDemoTest@4dfa3a9d]" name="LoginApplicationTest" duration-ms="11601" started-at="2017-11-06T21:55:40Z" finished-at="2017-11-06T21:55:52Z">
          <exception class="org.openqa.selenium.TimeoutException">
            <message>
              <![CDATA[Timed out after 10 seconds waiting for presence of element located by: By.xpath: //*[@id='usernameTextField']
Build info: version: '2.53.1', revision: 'a36b8b1cd5757287168e54b817830adce9b0158d', time: '2016-06-30 19:26:09'
System info: host: 'alok-lt', ip: '192.168.244.2', os.name: 'Windows 10', os.arch: 'amd64', os.version: '10.0', java.version: '1.8.0_131'
Driver info: io.appium.java_client.android.AndroidDriver
Capabilities [{appPackage=com.experitest.ExperiBank, device.majorVersion=6.x, dontGoHomeOnQuit=false, device.os=Android, noReset=false, dontStopAppOnReset=false, project=Default, reservationDuration=240, reportFormat=xml, fullReset=false, platform=ANY, desired={app=cloud:com.experitest.ExperiBank/.LoginActivity, appPackage=com.experitest.ExperiBank, appActivity=.LoginActivity, orientation=PORTRAIT, deviceQuery=@os='android', reportDirectory=reports, project=Default, reportFormat=xml, platformName=Android, testName=AndroidDemoTest}, device.serialNumber=02dfe56321089ac2, device.version=6.0.1, deviceQuery=@os='android', reportDirectory=reports, autoWebview=false, platformName=Android, testName=AndroidDemoTest, device.screenSize=1080x1920, useKeystore=false, app=cloud:com.experitest.ExperiBank/.LoginActivity, orientation=PORTRAIT, cloudViewLink=https://cloud-dhm2.experitest.com:443/#/9tkFChkHdCZPHvlm?1
Picked up Grid Node (seetest_7779)
Reserved Device : LGE Nexus 5, device.manufacture=LGE, instrumentApp=false, device.category=PHONE, autoDismissAlerts=false, reportUrl=https://cloudreports.experitest.com/#/test/566, keystorePath=~/.android/debug.keystore, appActivity=.LoginActivity, waitForDeviceTimeout=120000, device.model=Nexus 5, device.name=LGE Nexus 5, projectName=, gridNodePort=7779, autoAcceptAlerts=false}]
Session ID: CLOUD-SID:2017-11-06_18-24-57-84383dc4-721a-4324-b94b-a5ccabbdd4b1]]>
            </message>
            <full-stacktrace>
              <![CDATA[org.openqa.selenium.TimeoutException: Timed out after 10 seconds waiting for presence of element located by: By.xpath: //*[@id='usernameTextField']
Build info: version: '2.53.1', revision: 'a36b8b1cd5757287168e54b817830adce9b0158d', time: '2016-06-30 19:26:09'
System info: host: 'alok-lt', ip: '192.168.244.2', os.name: 'Windows 10', os.arch: 'amd64', os.version: '10.0', java.version: '1.8.0_131'
Driver info: io.appium.java_client.android.AndroidDriver
Capabilities [{appPackage=com.experitest.ExperiBank, device.majorVersion=6.x, dontGoHomeOnQuit=false, device.os=Android, noReset=false, dontStopAppOnReset=false, project=Default, reservationDuration=240, reportFormat=xml, fullReset=false, platform=ANY, desired={app=cloud:com.experitest.ExperiBank/.LoginActivity, appPackage=com.experitest.ExperiBank, appActivity=.LoginActivity, orientation=PORTRAIT, deviceQuery=@os='android', reportDirectory=reports, project=Default, reportFormat=xml, platformName=Android, testName=AndroidDemoTest}, device.serialNumber=02dfe56321089ac2, device.version=6.0.1, deviceQuery=@os='android', reportDirectory=reports, autoWebview=false, platformName=Android, testName=AndroidDemoTest, device.screenSize=1080x1920, useKeystore=false, app=cloud:com.experitest.ExperiBank/.LoginActivity, orientation=PORTRAIT, cloudViewLink=https://cloud-dhm2.experitest.com:443/#/9tkFChkHdCZPHvlm?1
Picked up Grid Node (seetest_7779)
Reserved Device : LGE Nexus 5, device.manufacture=LGE, instrumentApp=false, device.category=PHONE, autoDismissAlerts=false, reportUrl=https://cloudreports.experitest.com/#/test/566, keystorePath=~/.android/debug.keystore, appActivity=.LoginActivity, waitForDeviceTimeout=120000, device.model=Nexus 5, device.name=LGE Nexus 5, projectName=, gridNodePort=7779, autoAcceptAlerts=false}]
Session ID: CLOUD-SID:2017-11-06_18-24-57-84383dc4-721a-4324-b94b-a5ccabbdd4b1
	at org.openqa.selenium.support.ui.WebDriverWait.timeoutException(WebDriverWait.java:80)
	at org.openqa.selenium.support.ui.FluentWait.until(FluentWait.java:261)
	at com.experitest.auto.AndroidDemoTest.LoginApplicationTest(AndroidDemoTest.java:57)
	at sun.reflect.NativeMethodAccessorImpl.invoke0(Native Method)
	at sun.reflect.NativeMethodAccessorImpl.invoke(NativeMethodAccessorImpl.java:62)
	at sun.reflect.DelegatingMethodAccessorImpl.invoke(DelegatingMethodAccessorImpl.java:43)
	at java.lang.reflect.Method.invoke(Method.java:498)
	at org.testng.internal.MethodInvocationHelper.invokeMethod(MethodInvocationHelper.java:85)
	at org.testng.internal.Invoker.invokeMethod(Invoker.java:639)
	at org.testng.internal.Invoker.invokeTestMethod(Invoker.java:816)
	at org.testng.internal.Invoker.invokeTestMethods(Invoker.java:1124)
	at org.testng.internal.TestMethodWorker.invokeTestMethods(TestMethodWorker.java:125)
	at org.testng.internal.TestMethodWorker.run(TestMethodWorker.java:108)
	at java.util.concurrent.ThreadPoolExecutor.runWorker(ThreadPoolExecutor.java:1142)
	at java.util.concurrent.ThreadPoolExecutor$Worker.run(ThreadPoolExecutor.java:617)
	at java.lang.Thread.run(Thread.java:748)
Caused by: org.openqa.selenium.remote.SessionNotFoundException: Session CLOUD-SID:2017-11-06_18-24-57-84383dc4-721a-4324-b94b-a5ccabbdd4b1 could not be found (WARNING: The server did not provide any stacktrace information)
Command duration or timeout: 209 milliseconds
Build info: version: '2.53.1', revision: 'a36b8b1cd5757287168e54b817830adce9b0158d', time: '2016-06-30 19:26:09'
System info: host: 'alok-lt', ip: '192.168.244.2', os.name: 'Windows 10', os.arch: 'amd64', os.version: '10.0', java.version: '1.8.0_131'
Driver info: io.appium.java_client.android.AndroidDriver
Capabilities [{appPackage=com.experitest.ExperiBank, device.majorVersion=6.x, dontGoHomeOnQuit=false, device.os=Android, noReset=false, dontStopAppOnReset=false, project=Default, reservationDuration=240, reportFormat=xml, fullReset=false, platform=ANY, desired={app=cloud:com.experitest.ExperiBank/.LoginActivity, appPackage=com.experitest.ExperiBank, appActivity=.LoginActivity, orientation=PORTRAIT, deviceQuery=@os='android', reportDirectory=reports, project=Default, reportFormat=xml, platformName=Android, testName=AndroidDemoTest}, device.serialNumber=02dfe56321089ac2, device.version=6.0.1, deviceQuery=@os='android', reportDirectory=reports, autoWebview=false, platformName=Android, testName=AndroidDemoTest, device.screenSize=1080x1920, useKeystore=false, app=cloud:com.experitest.ExperiBank/.LoginActivity, orientation=PORTRAIT, cloudViewLink=https://cloud-dhm2.experitest.com:443/#/9tkFChkHdCZPHvlm?1
Picked up Grid Node (seetest_7779)
Reserved Device : LGE Nexus 5, device.manufacture=LGE, instrumentApp=false, device.category=PHONE, autoDismissAlerts=false, reportUrl=https://cloudreports.experitest.com/#/test/566, keystorePath=~/.android/debug.keystore, appActivity=.LoginActivity, waitForDeviceTimeout=120000, device.model=Nexus 5, device.name=LGE Nexus 5, projectName=, gridNodePort=7779, autoAcceptAlerts=false}]
Session ID: CLOUD-SID:2017-11-06_18-24-57-84383dc4-721a-4324-b94b-a5ccabbdd4b1
*** Element info: {Using=xpath, value=//*[@id='usernameTextField']}
	at sun.reflect.NativeConstructorAccessorImpl.newInstance0(Native Method)
	at sun.reflect.NativeConstructorAccessorImpl.newInstance(NativeConstructorAccessorImpl.java:62)
	at sun.reflect.DelegatingConstructorAccessorImpl.newInstance(DelegatingConstructorAccessorImpl.java:45)
	at java.lang.reflect.Constructor.newInstance(Constructor.java:423)
	at org.openqa.selenium.remote.ErrorHandler.createThrowable(ErrorHandler.java:206)
	at org.openqa.selenium.remote.ErrorHandler.throwIfResponseFailed(ErrorHandler.java:158)
	at org.openqa.selenium.remote.RemoteWebDriver.execute(RemoteWebDriver.java:678)
	at io.appium.java_client.DefaultGenericMobileDriver.execute(DefaultGenericMobileDriver.java:40)
	at io.appium.java_client.AppiumDriver.execute(AppiumDriver.java:1)
	at io.appium.java_client.android.AndroidDriver.execute(AndroidDriver.java:1)
	at org.openqa.selenium.remote.RemoteWebDriver.findElement(RemoteWebDriver.java:363)
	at io.appium.java_client.DefaultGenericMobileDriver.findElement(DefaultGenericMobileDriver.java:56)
	at io.appium.java_client.AppiumDriver.findElement(AppiumDriver.java:1)
	at io.appium.java_client.android.AndroidDriver.findElement(AndroidDriver.java:1)
	at org.openqa.selenium.remote.RemoteWebDriver.findElementByXPath(RemoteWebDriver.java:500)
	at io.appium.java_client.DefaultGenericMobileDriver.findElementByXPath(DefaultGenericMobileDriver.java:134)
	at io.appium.java_client.AppiumDriver.findElementByXPath(AppiumDriver.java:1)
	at io.appium.java_client.android.AndroidDriver.findElementByXPath(AndroidDriver.java:1)
	at org.openqa.selenium.By$ByXPath.findElement(By.java:361)
	at org.openqa.selenium.remote.RemoteWebDriver.findElement(RemoteWebDriver.java:355)
	at io.appium.java_client.DefaultGenericMobileDriver.findElement(DefaultGenericMobileDriver.java:52)
	at io.appium.java_client.AppiumDriver.findElement(AppiumDriver.java:1)
	at io.appium.java_client.android.AndroidDriver.findElement(AndroidDriver.java:1)
	at org.openqa.selenium.support.ui.ExpectedConditions.findElement(ExpectedConditions.java:899)
	at org.openqa.selenium.support.ui.ExpectedConditions.access$000(ExpectedConditions.java:41)
	at org.openqa.selenium.support.ui.ExpectedConditions$6.apply(ExpectedConditions.java:181)
	at org.openqa.selenium.support.ui.ExpectedConditions$6.apply(ExpectedConditions.java:178)
	at org.openqa.selenium.support.ui.FluentWait.until(FluentWait.java:238)
	... 14 more
]]>
            </full-stacktrace>
          </exception> <!-- org.openqa.selenium.TimeoutException -->
          <reporter-output>
          </reporter-output>
        </test-method> <!-- LoginApplicationTest -->
        <test-method status="FAIL" signature="MakePayMentTest()[pri:0, instance:com.experitest.auto.AndroidDemoTest@4dfa3a9d]" name="MakePayMentTest" duration-ms="4087" started-at="2017-11-06T21:55:41Z" finished-at="2017-11-06T21:55:45Z">
          <exception class="org.openqa.selenium.NoSuchElementException">
            <message>
              <![CDATA[no such element (An element could not be located on the page using the given search parameters (XPATH='//*[@text='Username']'))  (WARNING: The server did not provide any stacktrace information)
Command duration or timeout: 2.87 seconds
For documentation on this error, please visit: http://seleniumhq.org/exceptions/no_such_element.html
Build info: version: '2.53.1', revision: 'a36b8b1cd5757287168e54b817830adce9b0158d', time: '2016-06-30 19:26:09'
System info: host: 'alok-lt', ip: '192.168.244.2', os.name: 'Windows 10', os.arch: 'amd64', os.version: '10.0', java.version: '1.8.0_131'
Driver info: io.appium.java_client.android.AndroidDriver
Capabilities [{appPackage=com.experitest.ExperiBank, device.majorVersion=6.x, dontGoHomeOnQuit=false, device.os=Android, noReset=false, dontStopAppOnReset=false, project=Default, reservationDuration=240, reportFormat=xml, fullReset=false, platform=ANY, desired={app=cloud:com.experitest.ExperiBank/.LoginActivity, appPackage=com.experitest.ExperiBank, appActivity=.LoginActivity, orientation=PORTRAIT, deviceQuery=@os='android', reportDirectory=reports, project=Default, reportFormat=xml, platformName=Android, testName=AndroidDemoTest}, device.serialNumber=02dfe56321089ac2, device.version=6.0.1, deviceQuery=@os='android', reportDirectory=reports, autoWebview=false, platformName=Android, testName=AndroidDemoTest, device.screenSize=1080x1920, useKeystore=false, app=cloud:com.experitest.ExperiBank/.LoginActivity, orientation=PORTRAIT, cloudViewLink=https://cloud-dhm2.experitest.com:443/#/9tkFChkHdCZPHvlm?1
Picked up Grid Node (seetest_7779)
Reserved Device : LGE Nexus 5, device.manufacture=LGE, instrumentApp=false, device.category=PHONE, autoDismissAlerts=false, reportUrl=https://cloudreports.experitest.com/#/test/566, keystorePath=~/.android/debug.keystore, appActivity=.LoginActivity, waitForDeviceTimeout=120000, device.model=Nexus 5, device.name=LGE Nexus 5, projectName=, gridNodePort=7779, autoAcceptAlerts=false}]
Session ID: CLOUD-SID:2017-11-06_18-24-57-84383dc4-721a-4324-b94b-a5ccabbdd4b1
*** Element info: {Using=xpath, value=//*[@text='Username']}]]>
            </message>
            <full-stacktrace>
              <![CDATA[org.openqa.selenium.NoSuchElementException: no such element (An element could not be located on the page using the given search parameters (XPATH='//*[@text='Username']'))  (WARNING: The server did not provide any stacktrace information)
Command duration or timeout: 2.87 seconds
For documentation on this error, please visit: http://seleniumhq.org/exceptions/no_such_element.html
Build info: version: '2.53.1', revision: 'a36b8b1cd5757287168e54b817830adce9b0158d', time: '2016-06-30 19:26:09'
System info: host: 'alok-lt', ip: '192.168.244.2', os.name: 'Windows 10', os.arch: 'amd64', os.version: '10.0', java.version: '1.8.0_131'
Driver info: io.appium.java_client.android.AndroidDriver
Capabilities [{appPackage=com.experitest.ExperiBank, device.majorVersion=6.x, dontGoHomeOnQuit=false, device.os=Android, noReset=false, dontStopAppOnReset=false, project=Default, reservationDuration=240, reportFormat=xml, fullReset=false, platform=ANY, desired={app=cloud:com.experitest.ExperiBank/.LoginActivity, appPackage=com.experitest.ExperiBank, appActivity=.LoginActivity, orientation=PORTRAIT, deviceQuery=@os='android', reportDirectory=reports, project=Default, reportFormat=xml, platformName=Android, testName=AndroidDemoTest}, device.serialNumber=02dfe56321089ac2, device.version=6.0.1, deviceQuery=@os='android', reportDirectory=reports, autoWebview=false, platformName=Android, testName=AndroidDemoTest, device.screenSize=1080x1920, useKeystore=false, app=cloud:com.experitest.ExperiBank/.LoginActivity, orientation=PORTRAIT, cloudViewLink=https://cloud-dhm2.experitest.com:443/#/9tkFChkHdCZPHvlm?1
Picked up Grid Node (seetest_7779)
Reserved Device : LGE Nexus 5, device.manufacture=LGE, instrumentApp=false, device.category=PHONE, autoDismissAlerts=false, reportUrl=https://cloudreports.experitest.com/#/test/566, keystorePath=~/.android/debug.keystore, appActivity=.LoginActivity, waitForDeviceTimeout=120000, device.model=Nexus 5, device.name=LGE Nexus 5, projectName=, gridNodePort=7779, autoAcceptAlerts=false}]
Session ID: CLOUD-SID:2017-11-06_18-24-57-84383dc4-721a-4324-b94b-a5ccabbdd4b1
*** Element info: {Using=xpath, value=//*[@text='Username']}
	at sun.reflect.NativeConstructorAccessorImpl.newInstance0(Native Method)
	at sun.reflect.NativeConstructorAccessorImpl.newInstance(NativeConstructorAccessorImpl.java:62)
	at sun.reflect.DelegatingConstructorAccessorImpl.newInstance(DelegatingConstructorAccessorImpl.java:45)
	at java.lang.reflect.Constructor.newInstance(Constructor.java:423)
	at org.openqa.selenium.remote.ErrorHandler.createThrowable(ErrorHandler.java:206)
	at org.openqa.selenium.remote.ErrorHandler.throwIfResponseFailed(ErrorHandler.java:158)
	at org.openqa.selenium.remote.RemoteWebDriver.execute(RemoteWebDriver.java:678)
	at io.appium.java_client.DefaultGenericMobileDriver.execute(DefaultGenericMobileDriver.java:40)
	at io.appium.java_client.AppiumDriver.execute(AppiumDriver.java:1)
	at io.appium.java_client.android.AndroidDriver.execute(AndroidDriver.java:1)
	at org.openqa.selenium.remote.RemoteWebDriver.findElement(RemoteWebDriver.java:363)
	at io.appium.java_client.DefaultGenericMobileDriver.findElement(DefaultGenericMobileDriver.java:56)
	at io.appium.java_client.AppiumDriver.findElement(AppiumDriver.java:1)
	at io.appium.java_client.android.AndroidDriver.findElement(AndroidDriver.java:1)
	at org.openqa.selenium.remote.RemoteWebDriver.findElementByXPath(RemoteWebDriver.java:500)
	at io.appium.java_client.DefaultGenericMobileDriver.findElementByXPath(DefaultGenericMobileDriver.java:134)
	at io.appium.java_client.AppiumDriver.findElementByXPath(AppiumDriver.java:1)
	at io.appium.java_client.android.AndroidDriver.findElementByXPath(AndroidDriver.java:1)
	at org.openqa.selenium.By$ByXPath.findElement(By.java:361)
	at org.openqa.selenium.remote.RemoteWebDriver.findElement(RemoteWebDriver.java:355)
	at io.appium.java_client.DefaultGenericMobileDriver.findElement(DefaultGenericMobileDriver.java:52)
	at io.appium.java_client.AppiumDriver.findElement(AppiumDriver.java:1)
	at io.appium.java_client.android.AndroidDriver.findElement(AndroidDriver.java:1)
	at com.experitest.auto.AndroidDemoTest.MakePayMentTest(AndroidDemoTest.java:71)
	at sun.reflect.NativeMethodAccessorImpl.invoke0(Native Method)
	at sun.reflect.NativeMethodAccessorImpl.invoke(NativeMethodAccessorImpl.java:62)
	at sun.reflect.DelegatingMethodAccessorImpl.invoke(DelegatingMethodAccessorImpl.java:43)
	at java.lang.reflect.Method.invoke(Method.java:498)
	at org.testng.internal.MethodInvocationHelper.invokeMethod(MethodInvocationHelper.java:85)
	at org.testng.internal.Invoker.invokeMethod(Invoker.java:639)
	at org.testng.internal.Invoker.invokeTestMethod(Invoker.java:816)
	at org.testng.internal.Invoker.invokeTestMethods(Invoker.java:1124)
	at org.testng.internal.TestMethodWorker.invokeTestMethods(TestMethodWorker.java:125)
	at org.testng.internal.TestMethodWorker.run(TestMethodWorker.java:108)
	at java.util.concurrent.ThreadPoolExecutor.runWorker(ThreadPoolExecutor.java:1142)
	at java.util.concurrent.ThreadPoolExecutor$Worker.run(ThreadPoolExecutor.java:617)
	at java.lang.Thread.run(Thread.java:748)
]]>
            </full-stacktrace>
          </exception> <!-- org.openqa.selenium.NoSuchElementException -->
          <reporter-output>
          </reporter-output>
        </test-method> <!-- MakePayMentTest -->
        <test-method status="PASS" signature="tearDown()[pri:0, instance:com.experitest.auto.AndroidDemoTest@4dfa3a9d]" name="tearDown" is-config="true" duration-ms="23026" started-at="2017-11-06T21:55:45Z" finished-at="2017-11-06T21:56:08Z">
          <reporter-output>
          </reporter-output>
        </test-method> <!-- tearDown -->
        <test-method status="FAIL" signature="tearDown()[pri:0, instance:com.experitest.auto.AndroidDemoTest@4dfa3a9d]" name="tearDown" is-config="true" duration-ms="0" started-at="2017-11-06T21:55:52Z" finished-at="2017-11-06T21:55:52Z">
          <exception class="org.openqa.selenium.remote.SessionNotFoundException">
            <message>
              <![CDATA[Can't delete appium session CLOUD-SID:2017-11-06_18-24-57-84383dc4-721a-4324-b94b-a5ccabbdd4b1, session was not found. (WARNING: The server did not provide any stacktrace information)
Command duration or timeout: 205 milliseconds
Build info: version: '2.53.1', revision: 'a36b8b1cd5757287168e54b817830adce9b0158d', time: '2016-06-30 19:26:09'
System info: host: 'alok-lt', ip: '192.168.244.2', os.name: 'Windows 10', os.arch: 'amd64', os.version: '10.0', java.version: '1.8.0_131'
Driver info: io.appium.java_client.android.AndroidDriver
Capabilities [{appPackage=com.experitest.ExperiBank, device.majorVersion=6.x, dontGoHomeOnQuit=false, device.os=Android, noReset=false, dontStopAppOnReset=false, project=Default, reservationDuration=240, reportFormat=xml, fullReset=false, platform=ANY, desired={app=cloud:com.experitest.ExperiBank/.LoginActivity, appPackage=com.experitest.ExperiBank, appActivity=.LoginActivity, orientation=PORTRAIT, deviceQuery=@os='android', reportDirectory=reports, project=Default, reportFormat=xml, platformName=Android, testName=AndroidDemoTest}, device.serialNumber=02dfe56321089ac2, device.version=6.0.1, deviceQuery=@os='android', reportDirectory=reports, autoWebview=false, platformName=Android, testName=AndroidDemoTest, device.screenSize=1080x1920, useKeystore=false, app=cloud:com.experitest.ExperiBank/.LoginActivity, orientation=PORTRAIT, cloudViewLink=https://cloud-dhm2.experitest.com:443/#/9tkFChkHdCZPHvlm?1
Picked up Grid Node (seetest_7779)
Reserved Device : LGE Nexus 5, device.manufacture=LGE, instrumentApp=false, device.category=PHONE, autoDismissAlerts=false, reportUrl=https://cloudreports.experitest.com/#/test/566, keystorePath=~/.android/debug.keystore, appActivity=.LoginActivity, waitForDeviceTimeout=120000, device.model=Nexus 5, device.name=LGE Nexus 5, projectName=, gridNodePort=7779, autoAcceptAlerts=false}]
Session ID: CLOUD-SID:2017-11-06_18-24-57-84383dc4-721a-4324-b94b-a5ccabbdd4b1]]>
            </message>
            <full-stacktrace>
              <![CDATA[org.openqa.selenium.remote.SessionNotFoundException: Can't delete appium session CLOUD-SID:2017-11-06_18-24-57-84383dc4-721a-4324-b94b-a5ccabbdd4b1, session was not found. (WARNING: The server did not provide any stacktrace information)
Command duration or timeout: 205 milliseconds
Build info: version: '2.53.1', revision: 'a36b8b1cd5757287168e54b817830adce9b0158d', time: '2016-06-30 19:26:09'
System info: host: 'alok-lt', ip: '192.168.244.2', os.name: 'Windows 10', os.arch: 'amd64', os.version: '10.0', java.version: '1.8.0_131'
Driver info: io.appium.java_client.android.AndroidDriver
Capabilities [{appPackage=com.experitest.ExperiBank, device.majorVersion=6.x, dontGoHomeOnQuit=false, device.os=Android, noReset=false, dontStopAppOnReset=false, project=Default, reservationDuration=240, reportFormat=xml, fullReset=false, platform=ANY, desired={app=cloud:com.experitest.ExperiBank/.LoginActivity, appPackage=com.experitest.ExperiBank, appActivity=.LoginActivity, orientation=PORTRAIT, deviceQuery=@os='android', reportDirectory=reports, project=Default, reportFormat=xml, platformName=Android, testName=AndroidDemoTest}, device.serialNumber=02dfe56321089ac2, device.version=6.0.1, deviceQuery=@os='android', reportDirectory=reports, autoWebview=false, platformName=Android, testName=AndroidDemoTest, device.screenSize=1080x1920, useKeystore=false, app=cloud:com.experitest.ExperiBank/.LoginActivity, orientation=PORTRAIT, cloudViewLink=https://cloud-dhm2.experitest.com:443/#/9tkFChkHdCZPHvlm?1
Picked up Grid Node (seetest_7779)
Reserved Device : LGE Nexus 5, device.manufacture=LGE, instrumentApp=false, device.category=PHONE, autoDismissAlerts=false, reportUrl=https://cloudreports.experitest.com/#/test/566, keystorePath=~/.android/debug.keystore, appActivity=.LoginActivity, waitForDeviceTimeout=120000, device.model=Nexus 5, device.name=LGE Nexus 5, projectName=, gridNodePort=7779, autoAcceptAlerts=false}]
Session ID: CLOUD-SID:2017-11-06_18-24-57-84383dc4-721a-4324-b94b-a5ccabbdd4b1
	at sun.reflect.NativeConstructorAccessorImpl.newInstance0(Native Method)
	at sun.reflect.NativeConstructorAccessorImpl.newInstance(NativeConstructorAccessorImpl.java:62)
	at sun.reflect.DelegatingConstructorAccessorImpl.newInstance(DelegatingConstructorAccessorImpl.java:45)
	at java.lang.reflect.Constructor.newInstance(Constructor.java:423)
	at org.openqa.selenium.remote.ErrorHandler.createThrowable(ErrorHandler.java:206)
	at org.openqa.selenium.remote.ErrorHandler.throwIfResponseFailed(ErrorHandler.java:158)
	at org.openqa.selenium.remote.RemoteWebDriver.execute(RemoteWebDriver.java:678)
	at io.appium.java_client.DefaultGenericMobileDriver.execute(DefaultGenericMobileDriver.java:40)
	at io.appium.java_client.AppiumDriver.execute(AppiumDriver.java:235)
	at org.openqa.selenium.remote.RemoteWebDriver.quit(RemoteWebDriver.java:526)
	at com.experitest.auto.AndroidDemoTest.tearDown(AndroidDemoTest.java:132)
	at sun.reflect.NativeMethodAccessorImpl.invoke0(Native Method)
	at sun.reflect.NativeMethodAccessorImpl.invoke(NativeMethodAccessorImpl.java:62)
	at sun.reflect.DelegatingMethodAccessorImpl.invoke(DelegatingMethodAccessorImpl.java:43)
	at java.lang.reflect.Method.invoke(Method.java:498)
	at org.testng.internal.MethodInvocationHelper.invokeMethod(MethodInvocationHelper.java:85)
	at org.testng.internal.Invoker.invokeConfigurationMethod(Invoker.java:510)
	at org.testng.internal.Invoker.invokeConfigurations(Invoker.java:211)
	at org.testng.internal.Invoker.invokeMethod(Invoker.java:703)
	at org.testng.internal.Invoker.invokeTestMethod(Invoker.java:816)
	at org.testng.internal.Invoker.invokeTestMethods(Invoker.java:1124)
	at org.testng.internal.TestMethodWorker.invokeTestMethods(TestMethodWorker.java:125)
	at org.testng.internal.TestMethodWorker.run(TestMethodWorker.java:108)
	at java.util.concurrent.ThreadPoolExecutor.runWorker(ThreadPoolExecutor.java:1142)
	at java.util.concurrent.ThreadPoolExecutor$Worker.run(ThreadPoolExecutor.java:617)
	at java.lang.Thread.run(Thread.java:748)
]]>
            </full-stacktrace>
          </exception> <!-- org.openqa.selenium.remote.SessionNotFoundException -->
          <reporter-output>
          </reporter-output>
        </test-method> <!-- tearDown -->
        <test-method status="SKIP" signature="tearDown()[pri:0, instance:com.experitest.auto.AndroidDemoTest@4dfa3a9d]" name="tearDown" is-config="true" duration-ms="0" started-at="2017-11-06T21:55:53Z" finished-at="2017-11-06T21:55:53Z">
          <reporter-output>
          </reporter-output>
        </test-method> <!-- tearDown -->
        <test-method status="SKIP" signature="tearDown()[pri:0, instance:com.experitest.auto.AndroidDemoTest@4dfa3a9d]" name="tearDown" is-config="true" duration-ms="0" started-at="2017-11-06T21:56:02Z" finished-at="2017-11-06T21:56:02Z">
          <reporter-output>
          </reporter-output>
        </test-method> <!-- tearDown -->
        <test-method status="SKIP" signature="tearDown()[pri:0, instance:com.experitest.auto.AndroidDemoTest@4dfa3a9d]" name="tearDown" is-config="true" duration-ms="0" started-at="2017-11-06T21:57:22Z" finished-at="2017-11-06T21:57:22Z">
          <reporter-output>
          </reporter-output>
        </test-method> <!-- tearDown -->
      </class> <!-- com.experitest.auto.AndroidDemoTest -->
    </test> <!-- TestAndroid -->
  </suite> <!-- Suite -->
</testng-results>
