<?xml version="1.0" encoding="UTF-8"?>
<!-- Generated by org.testng.reporters.JUnitReportReporter -->
<testsuite hostname="alok-lt" name="com.experitest.auto.IOSDemoTest" tests="1" failures="0" timestamp="1 Nov 2017 14:32:58 GMT" time="74.224" errors="1">
  <testcase name="webLoginApplicationTest" time="74.224" classname="com.experitest.auto.IOSDemoTest">
    <error type="org.openqa.selenium.TimeoutException" message="Timed out after 10 seconds waiting for presence of element located by: By.xpath: //*[@nodeName=&#039;BUTTON&#039; and @css=&#039;BUTTON.navbar-toggle&#039;]
Build info: version: &#039;2.53.1&#039;, revision: &#039;a36b8b1cd5757287168e54b817830adce9b0158d&#039;, time: &#039;2016-06-30 19:26:09&#039;
System info: host: &#039;alok-lt&#039;, ip: &#039;172.30.30.2&#039;, os.name: &#039;Windows 10&#039;, os.arch: &#039;amd64&#039;, os.version: &#039;10.0&#039;, java.version: &#039;1.8.0_131&#039;
Driver info: io.appium.java_client.ios.IOSDriver
Capabilities [{device.majorVersion=11.x, dontGoHomeOnQuit=false, device.os=iOS, noReset=false, dontStopAppOnReset=false, project=Default, reservationDuration=240, reportFormat=xml, fullReset=false, platform=ANY, desired={deviceQuery=@os=&#039;ios&#039;, reportDirectory=reports, project=Default, reportFormat=xml, platformName=iOS, testName=IOSDemoTest}, device.serialNumber=2ef16f1e7b475b9e6aa09392efb67735b1b57b08, device.version=11.0.2, deviceQuery=@os=&#039;ios&#039;, automationName=XCUITest, reportDirectory=reports, autoWebview=false, platformName=iOS, testName=IOSDemoTest, device.screenSize=750x1334, useKeystore=false, cloudViewLink=https://cloud-dhm2.experitest.com:443/#/pMmByofCHOdZIWYC?1
Picked up Grid Node (seetest_7777)
Reserved Device : iPhone 8 B0137, device.manufacture=Apple, instrumentApp=false, device.category=PHONE, autoDismissAlerts=false, reportUrl=https://cloudreports.experitest.com/#/test/410, keystorePath=~/.android/debug.keystore, waitForDeviceTimeout=120000, device.model=iPhone 8, device.name=iPhone 8 B0137, projectName=, gridNodePort=7777, autoAcceptAlerts=false}]
Session ID: CLOUD-SID:2017-11-01_16-29-06-c5f65469-05d0-46ba-bb53-018782637a57">
      <![CDATA[org.openqa.selenium.TimeoutException: Timed out after 10 seconds waiting for presence of element located by: By.xpath: //*[@nodeName='BUTTON' and @css='BUTTON.navbar-toggle']
Build info: version: '2.53.1', revision: 'a36b8b1cd5757287168e54b817830adce9b0158d', time: '2016-06-30 19:26:09'
System info: host: 'alok-lt', ip: '172.30.30.2', os.name: 'Windows 10', os.arch: 'amd64', os.version: '10.0', java.version: '1.8.0_131'
Driver info: io.appium.java_client.ios.IOSDriver
Capabilities [{device.majorVersion=11.x, dontGoHomeOnQuit=false, device.os=iOS, noReset=false, dontStopAppOnReset=false, project=Default, reservationDuration=240, reportFormat=xml, fullReset=false, platform=ANY, desired={deviceQuery=@os='ios', reportDirectory=reports, project=Default, reportFormat=xml, platformName=iOS, testName=IOSDemoTest}, device.serialNumber=2ef16f1e7b475b9e6aa09392efb67735b1b57b08, device.version=11.0.2, deviceQuery=@os='ios', automationName=XCUITest, reportDirectory=reports, autoWebview=false, platformName=iOS, testName=IOSDemoTest, device.screenSize=750x1334, useKeystore=false, cloudViewLink=https://cloud-dhm2.experitest.com:443/#/pMmByofCHOdZIWYC?1
Picked up Grid Node (seetest_7777)
Reserved Device : iPhone 8 B0137, device.manufacture=Apple, instrumentApp=false, device.category=PHONE, autoDismissAlerts=false, reportUrl=https://cloudreports.experitest.com/#/test/410, keystorePath=~/.android/debug.keystore, waitForDeviceTimeout=120000, device.model=iPhone 8, device.name=iPhone 8 B0137, projectName=, gridNodePort=7777, autoAcceptAlerts=false}]
Session ID: CLOUD-SID:2017-11-01_16-29-06-c5f65469-05d0-46ba-bb53-018782637a57
	at org.openqa.selenium.support.ui.WebDriverWait.timeoutException(WebDriverWait.java:80)
	at org.openqa.selenium.support.ui.FluentWait.until(FluentWait.java:261)
	at com.experitest.auto.IOSDemoTest.webLoginApplicationTest(IOSDemoTest.java:38)
	at sun.reflect.NativeMethodAccessorImpl.invoke0(Native Method)
	at sun.reflect.NativeMethodAccessorImpl.invoke(NativeMethodAccessorImpl.java:62)
	at sun.reflect.DelegatingMethodAccessorImpl.invoke(DelegatingMethodAccessorImpl.java:43)
	at java.lang.reflect.Method.invoke(Method.java:498)
	at org.testng.internal.MethodInvocationHelper.invokeMethod(MethodInvocationHelper.java:85)
	at org.testng.internal.Invoker.invokeMethod(Invoker.java:639)
	at org.testng.internal.Invoker.invokeTestMethod(Invoker.java:816)
	at org.testng.internal.Invoker.invokeTestMethods(Invoker.java:1124)
	at org.testng.internal.TestMethodWorker.invokeTestMethods(TestMethodWorker.java:125)
	at org.testng.internal.TestMethodWorker.run(TestMethodWorker.java:108)
	at java.util.concurrent.ThreadPoolExecutor.runWorker(ThreadPoolExecutor.java:1142)
	at java.util.concurrent.ThreadPoolExecutor$Worker.run(ThreadPoolExecutor.java:617)
	at java.lang.Thread.run(Thread.java:748)
Caused by: org.openqa.selenium.NoSuchElementException: no such element (An element could not be located on the page using the given search parameters (XPATH='//*[@nodeName='BUTTON' and @css='BUTTON.navbar-toggle']'))  (WARNING: The server did not provide any stacktrace information)
Command duration or timeout: 18.93 seconds
For documentation on this error, please visit: http://seleniumhq.org/exceptions/no_such_element.html
Build info: version: '2.53.1', revision: 'a36b8b1cd5757287168e54b817830adce9b0158d', time: '2016-06-30 19:26:09'
System info: host: 'alok-lt', ip: '172.30.30.2', os.name: 'Windows 10', os.arch: 'amd64', os.version: '10.0', java.version: '1.8.0_131'
Driver info: io.appium.java_client.ios.IOSDriver
Capabilities [{device.majorVersion=11.x, dontGoHomeOnQuit=false, device.os=iOS, noReset=false, dontStopAppOnReset=false, project=Default, reservationDuration=240, reportFormat=xml, fullReset=false, platform=ANY, desired={deviceQuery=@os='ios', reportDirectory=reports, project=Default, reportFormat=xml, platformName=iOS, testName=IOSDemoTest}, device.serialNumber=2ef16f1e7b475b9e6aa09392efb67735b1b57b08, device.version=11.0.2, deviceQuery=@os='ios', automationName=XCUITest, reportDirectory=reports, autoWebview=false, platformName=iOS, testName=IOSDemoTest, device.screenSize=750x1334, useKeystore=false, cloudViewLink=https://cloud-dhm2.experitest.com:443/#/pMmByofCHOdZIWYC?1
Picked up Grid Node (seetest_7777)
Reserved Device : iPhone 8 B0137, device.manufacture=Apple, instrumentApp=false, device.category=PHONE, autoDismissAlerts=false, reportUrl=https://cloudreports.experitest.com/#/test/410, keystorePath=~/.android/debug.keystore, waitForDeviceTimeout=120000, device.model=iPhone 8, device.name=iPhone 8 B0137, projectName=, gridNodePort=7777, autoAcceptAlerts=false}]
Session ID: CLOUD-SID:2017-11-01_16-29-06-c5f65469-05d0-46ba-bb53-018782637a57
*** Element info: {Using=xpath, value=//*[@nodeName='BUTTON' and @css='BUTTON.navbar-toggle']}
	at sun.reflect.NativeConstructorAccessorImpl.newInstance0(Native Method)
	at sun.reflect.NativeConstructorAccessorImpl.newInstance(NativeConstructorAccessorImpl.java:62)
	at sun.reflect.DelegatingConstructorAccessorImpl.newInstance(DelegatingConstructorAccessorImpl.java:45)
	at java.lang.reflect.Constructor.newInstance(Constructor.java:423)
	at org.openqa.selenium.remote.ErrorHandler.createThrowable(ErrorHandler.java:206)
	at org.openqa.selenium.remote.ErrorHandler.throwIfResponseFailed(ErrorHandler.java:158)
	at org.openqa.selenium.remote.RemoteWebDriver.execute(RemoteWebDriver.java:678)
	at io.appium.java_client.DefaultGenericMobileDriver.execute(DefaultGenericMobileDriver.java:40)
	at io.appium.java_client.AppiumDriver.execute(AppiumDriver.java:1)
	at io.appium.java_client.ios.IOSDriver.execute(IOSDriver.java:1)
	at org.openqa.selenium.remote.RemoteWebDriver.findElement(RemoteWebDriver.java:363)
	at io.appium.java_client.DefaultGenericMobileDriver.findElement(DefaultGenericMobileDriver.java:56)
	at io.appium.java_client.AppiumDriver.findElement(AppiumDriver.java:1)
	at io.appium.java_client.ios.IOSDriver.findElement(IOSDriver.java:1)
	at org.openqa.selenium.remote.RemoteWebDriver.findElementByXPath(RemoteWebDriver.java:500)
	at io.appium.java_client.DefaultGenericMobileDriver.findElementByXPath(DefaultGenericMobileDriver.java:134)
	at io.appium.java_client.AppiumDriver.findElementByXPath(AppiumDriver.java:1)
	at io.appium.java_client.ios.IOSDriver.findElementByXPath(IOSDriver.java:1)
	at org.openqa.selenium.By$ByXPath.findElement(By.java:361)
	at org.openqa.selenium.remote.RemoteWebDriver.findElement(RemoteWebDriver.java:355)
	at io.appium.java_client.DefaultGenericMobileDriver.findElement(DefaultGenericMobileDriver.java:52)
	at io.appium.java_client.AppiumDriver.findElement(AppiumDriver.java:1)
	at io.appium.java_client.ios.IOSDriver.findElement(IOSDriver.java:1)
	at org.openqa.selenium.support.ui.ExpectedConditions.findElement(ExpectedConditions.java:899)
	at org.openqa.selenium.support.ui.ExpectedConditions.access$000(ExpectedConditions.java:41)
	at org.openqa.selenium.support.ui.ExpectedConditions$6.apply(ExpectedConditions.java:181)
	at org.openqa.selenium.support.ui.ExpectedConditions$6.apply(ExpectedConditions.java:178)
	at org.openqa.selenium.support.ui.FluentWait.until(FluentWait.java:238)
	... 14 more
]]>
    </error>
  </testcase> <!-- webLoginApplicationTest -->
</testsuite> <!-- com.experitest.auto.IOSDemoTest -->
